2026-04-10T17:46:31.187396Z  INFO ╔═══════════════════════════════╗
2026-04-10T17:46:31.187633Z  INFO ║   V A S S A L  v0.1.0       ║
2026-04-10T17:46:31.187906Z  INFO ╚═══════════════════════════════╝
2026-04-10T17:46:31.188125Z  INFO The duty is performed.
2026-04-10T17:46:31.189910Z  INFO Signet: vault not found — using defaults
2026-04-10T17:46:31.190116Z  INFO Signet config loaded
2026-04-10T17:46:31.190609Z  INFO Executor task started
2026-04-10T17:46:31.201212Z  INFO Vigil-keys: hotkey registered combo=Ctrl+Shift+D
2026-04-10T17:46:31.203567Z  INFO Vigil-fs: spawning watcher watch_path=C:\Users\user\Downloads glob=*.zip
2026-04-10T17:46:31.203842Z  INFO Presence monitor spawned
2026-04-10T17:46:31.204072Z  INFO Presence monitor active
2026-04-10T17:46:31.204359Z  INFO Atlas: registering ordinance summons_key=Hotkey|Ctrl+Shift+D
2026-04-10T17:46:31.204876Z  INFO Atlas: registering ordinance summons_key=FileCreated|C:\Users\user\Downloads|*.zip
2026-04-10T17:46:31.205144Z  INFO Atlas: run loop started
2026-04-10T17:46:31.231291Z  INFO Tray icon built and visible
2026-04-10T17:46:31.231483Z  INFO Arbiter tray event loop starting
2026-04-10T17:52:04.774536Z  INFO ╔═══════════════════════════════╗
2026-04-10T17:52:04.774783Z  INFO ║   V A S S A L  v0.1.0       ║
2026-04-10T17:52:04.774968Z  INFO ╚═══════════════════════════════╝
2026-04-10T17:52:04.775149Z  INFO The duty is performed.
2026-04-10T17:52:04.776027Z  INFO Signet: vault not found — using defaults
2026-04-10T17:52:04.776253Z  INFO Signet config loaded
2026-04-10T17:52:04.776859Z  INFO Executor task started
2026-04-10T17:52:04.789035Z  INFO Vigil-keys: hotkey registered combo=Ctrl+Shift+D
2026-04-10T17:52:04.791504Z  INFO Vigil-fs: spawning watcher watch_path=C:\Users\user\Downloads glob=*.zip
2026-04-10T17:52:04.791797Z  INFO Presence monitor spawned
2026-04-10T17:52:04.792080Z  INFO Presence monitor active
2026-04-10T17:52:04.792379Z  INFO Atlas: registering ordinance summons_key=Hotkey|Ctrl+Shift+D
2026-04-10T17:52:04.793042Z  INFO Atlas: registering ordinance summons_key=FileCreated|C:\Users\user\Downloads|*.zip
2026-04-10T17:52:04.793434Z  INFO Atlas: run loop started
2026-04-10T17:52:04.823041Z  INFO Tray icon built and visible
2026-04-10T17:52:04.823305Z  INFO Arbiter tray event loop starting
2026-04-10T17:52:07.887555Z  INFO Tray: Spawning Terminal user interface
2026-04-10T17:52:07.888502Z ERROR Failed to spawn Terminal process e=The system cannot find the path specified. (os error 3)
2026-04-10T17:52:15.691599Z  INFO Tray: Quit selected — initiating shutdown
2026-04-10T17:52:15.691997Z  INFO Arbiter shutting down — the servant is dismissed.
